[2026-05-20 19:50:09.481] [jointLog] [info] setting maxHashResizeThreads to 15
[2026-05-20 19:50:09.481] [jointLog] [info] Fragment incompatibility prior below threshold.  Incompatible fragments will be ignored.
[2026-05-20 19:50:09.481] [jointLog] [info] Usage of --validateMappings implies use of minScoreFraction. Since not explicitly specified, it is being set to 0.65
[2026-05-20 19:50:09.481] [jointLog] [info] Setting consensusSlack to selective-alignment default of 0.35.
[2026-05-20 19:50:09.481] [jointLog] [info] parsing read library format
[2026-05-20 19:50:09.481] [jointLog] [info] There is 1 library.
[2026-05-20 19:50:09.481] [jointLog] [info] Loading pufferfish index
[2026-05-20 19:50:09.482] [jointLog] [info] Loading pufferfish index.
[2026-05-20 19:50:09.483] [jointLog] [info] done
[2026-05-20 19:50:09.517] [jointLog] [info] Index contained 679 targets
[2026-05-20 19:50:09.517] [jointLog] [info] Number of decoys : 0
[2026-05-20 19:50:10.065] [jointLog] [info] Computed 425 rich equivalence classes for further processing
[2026-05-20 19:50:10.065] [jointLog] [info] Counted 1,328 total reads in the equivalence classes 
[2026-05-20 19:50:10.065] [fileLog] [info] 
At end of round 0
==================
Observed 1328 total fragments (1328 in most recent round)

[2026-05-20 19:50:10.094] [jointLog] [info] Number of mappings discarded because of alignment score : 60
[2026-05-20 19:50:10.094] [jointLog] [info] Number of fragments entirely discarded because of alignment score : 0
[2026-05-20 19:50:10.094] [jointLog] [info] Number of fragments discarded because they are best-mapped to decoys : 0
[2026-05-20 19:50:10.094] [jointLog] [info] Number of fragments discarded because they have only dovetail (discordant) mappings to valid targets : 15
[2026-05-20 19:50:10.094] [jointLog] [warning] Only 1328 fragments were mapped, but the number of burn-in fragments was set to 5000000.
The effective lengths have been computed using the observed mappings.

[2026-05-20 19:50:10.094] [jointLog] [info] Mapping rate = 100.0000%
[2026-05-20 19:50:10.094] [jointLog] [info] finished quantifyLibrary()
[2026-05-20 19:50:10.094] [jointLog] [info] Starting optimizer
[2026-05-20 19:50:10.095] [jointLog] [info] Marked 0 weighted equivalence classes as degenerate
[2026-05-20 19:50:10.095] [jointLog] [info] iteration = 0 | max rel diff. = 72.36346111308059
[2026-05-20 19:50:10.109] [jointLog] [info] iteration = 100 | max rel diff. = 0.5089706817001225
[2026-05-20 19:50:10.110] [jointLog] [info] iteration = 108 | max rel diff. = 0.008650204452299616
[2026-05-20 19:50:10.110] [jointLog] [info] Finished optimizer
[2026-05-20 19:50:10.110] [jointLog] [info] writing output 

[2026-05-20 19:50:10.110] [jointLog] [warning] NOTE: Read Lib [[ Quality/Trimmed/BartSimpson_R1_filtered.fastq.gz, Quality/Trimmed/BartSimpson_R2_filtered.fastq.gz]] :

Detected a *potential* strand bias > 1% in an unstranded protocol check the file: resultados_salmon_trimmed/BartSimpson/lib_format_counts.json for details

