[2026-05-20 19:49:50.280] [jointLog] [info] setting maxHashResizeThreads to 15
[2026-05-20 19:49:50.280] [jointLog] [info] Fragment incompatibility prior below threshold.  Incompatible fragments will be ignored.
[2026-05-20 19:49:50.280] [jointLog] [info] Usage of --validateMappings implies use of minScoreFraction. Since not explicitly specified, it is being set to 0.65
[2026-05-20 19:49:50.280] [jointLog] [info] Setting consensusSlack to selective-alignment default of 0.35.
[2026-05-20 19:49:50.280] [jointLog] [info] parsing read library format
[2026-05-20 19:49:50.280] [jointLog] [info] There is 1 library.
[2026-05-20 19:49:50.280] [jointLog] [info] Loading pufferfish index
[2026-05-20 19:49:50.280] [jointLog] [info] Loading pufferfish index.
[2026-05-20 19:49:50.282] [jointLog] [info] done
[2026-05-20 19:49:50.314] [jointLog] [info] Index contained 679 targets
[2026-05-20 19:49:50.314] [jointLog] [info] Number of decoys : 0
[2026-05-20 19:49:50.861] [jointLog] [info] Computed 410 rich equivalence classes for further processing
[2026-05-20 19:49:50.861] [jointLog] [info] Counted 1,320 total reads in the equivalence classes 
[2026-05-20 19:49:50.861] [fileLog] [info] 
At end of round 0
==================
Observed 1320 total fragments (1320 in most recent round)

[2026-05-20 19:49:50.888] [jointLog] [info] Number of mappings discarded because of alignment score : 50
[2026-05-20 19:49:50.888] [jointLog] [info] Number of fragments entirely discarded because of alignment score : 0
[2026-05-20 19:49:50.888] [jointLog] [info] Number of fragments discarded because they are best-mapped to decoys : 0
[2026-05-20 19:49:50.888] [jointLog] [info] Number of fragments discarded because they have only dovetail (discordant) mappings to valid targets : 20
[2026-05-20 19:49:50.888] [jointLog] [warning] Only 1320 fragments were mapped, but the number of burn-in fragments was set to 5000000.
The effective lengths have been computed using the observed mappings.

[2026-05-20 19:49:50.888] [jointLog] [info] Mapping rate = 100.0000%
[2026-05-20 19:49:50.888] [jointLog] [info] finished quantifyLibrary()
[2026-05-20 19:49:50.889] [jointLog] [info] Starting optimizer
[2026-05-20 19:49:50.889] [jointLog] [info] Marked 0 weighted equivalence classes as degenerate
[2026-05-20 19:49:50.889] [jointLog] [info] iteration = 0 | max rel diff. = 62.177622270049696
[2026-05-20 19:49:50.902] [jointLog] [info] iteration = 100 | max rel diff. = 0.03152598047121493
[2026-05-20 19:49:50.913] [jointLog] [info] iteration = 190 | max rel diff. = 0.005713806439675929
[2026-05-20 19:49:50.913] [jointLog] [info] Finished optimizer
[2026-05-20 19:49:50.913] [jointLog] [info] writing output 

[2026-05-20 19:49:50.914] [jointLog] [warning] NOTE: Read Lib [[ Quality/Trimmed/LisaSimpson_R1_filtered.fastq.gz, Quality/Trimmed/LisaSimpson_R2_filtered.fastq.gz]] :

Detected a *potential* strand bias > 1% in an unstranded protocol check the file: resultados_salmon_trimmed/LisaSimpson/lib_format_counts.json for details

