[2026-05-20 17:50:02.660] [jointLog] [info] setting maxHashResizeThreads to 8
[2026-05-20 17:50:02.660] [jointLog] [info] Fragment incompatibility prior below threshold.  Incompatible fragments will be ignored.
[2026-05-20 17:50:02.661] [jointLog] [info] Usage of --validateMappings implies use of minScoreFraction. Since not explicitly specified, it is being set to 0.65
[2026-05-20 17:50:02.661] [jointLog] [info] Setting consensusSlack to selective-alignment default of 0.35.
[2026-05-20 17:50:02.661] [jointLog] [info] parsing read library format
[2026-05-20 17:50:02.662] [jointLog] [info] There is 1 library.
[2026-05-20 17:50:02.794] [jointLog] [info] Loading pufferfish index
[2026-05-20 17:50:02.795] [jointLog] [info] Loading dense pufferfish index.
[2026-05-20 17:50:02.817] [jointLog] [info] done
[2026-05-20 17:50:02.818] [jointLog] [info] Index contained 679 targets
[2026-05-20 17:50:02.818] [jointLog] [info] Number of decoys : 0
[2026-05-20 17:50:02.922] [jointLog] [info] Computed 484 rich equivalence classes for further processing
[2026-05-20 17:50:02.922] [jointLog] [info] Counted 1,320 total reads in the equivalence classes 
[2026-05-20 17:50:02.925] [jointLog] [info] Number of mappings discarded because of alignment score : 102
[2026-05-20 17:50:02.925] [jointLog] [info] Number of fragments entirely discarded because of alignment score : 0
[2026-05-20 17:50:02.925] [jointLog] [info] Number of fragments discarded because they are best-mapped to decoys : 0
[2026-05-20 17:50:02.925] [jointLog] [info] Number of fragments discarded because they have only dovetail (discordant) mappings to valid targets : 55
[2026-05-20 17:50:02.925] [jointLog] [warning] Only 1320 fragments were mapped, but the number of burn-in fragments was set to 5000000.
The effective lengths have been computed using the observed mappings.

[2026-05-20 17:50:02.925] [jointLog] [info] Mapping rate = 100%

[2026-05-20 17:50:02.925] [jointLog] [info] finished quantifyLibrary()
[2026-05-20 17:50:02.925] [jointLog] [info] Starting optimizer
[2026-05-20 17:50:02.929] [jointLog] [info] Marked 0 weighted equivalence classes as degenerate
[2026-05-20 17:50:02.929] [jointLog] [info] iteration = 0 | max rel diff. = 46.9025
[2026-05-20 17:50:02.940] [jointLog] [info] iteration = 100 | max rel diff. = 0.345851
[2026-05-20 17:50:02.940] [jointLog] [info] iteration = 105 | max rel diff. = 0.00916741
[2026-05-20 17:50:02.940] [jointLog] [info] Finished optimizer
[2026-05-20 17:50:02.940] [jointLog] [info] writing output 

[2026-05-20 17:50:02.943] [jointLog] [warning] NOTE: Read Lib [[ fastp_trimmed/AbrahamSimpson_trimmed_R1.fastq.gz, fastp_trimmed/AbrahamSimpson_trimmed_R2.fastq.gz]] :

Detected a *potential* strand bias > 1% in an unstranded protocol check the file: resultados_salmon_trimmed/AbrahamSimpson/lib_format_counts.json for details

[2026-05-20 17:50:02.922] [fileLog] [info] 
At end of round 0
==================
Observed 1320 total fragments (1320 in most recent round)

