[2026-05-20 19:48:32.030] [jointLog] [info] setting maxHashResizeThreads to 15
[2026-05-20 19:48:32.030] [jointLog] [info] Fragment incompatibility prior below threshold.  Incompatible fragments will be ignored.
[2026-05-20 19:48:32.030] [jointLog] [info] Usage of --validateMappings implies use of minScoreFraction. Since not explicitly specified, it is being set to 0.65
[2026-05-20 19:48:32.030] [jointLog] [info] Setting consensusSlack to selective-alignment default of 0.35.
[2026-05-20 19:48:32.030] [jointLog] [info] parsing read library format
[2026-05-20 19:48:32.030] [jointLog] [info] There is 1 library.
[2026-05-20 19:48:32.035] [jointLog] [info] Loading pufferfish index
[2026-05-20 19:48:32.035] [jointLog] [info] Loading pufferfish index.
[2026-05-20 19:48:32.039] [jointLog] [info] done
[2026-05-20 19:48:32.071] [jointLog] [info] Index contained 679 targets
[2026-05-20 19:48:32.071] [jointLog] [info] Number of decoys : 0
[2026-05-20 19:48:32.608] [jointLog] [info] Computed 407 rich equivalence classes for further processing
[2026-05-20 19:48:32.608] [jointLog] [info] Counted 1,320 total reads in the equivalence classes 
[2026-05-20 19:48:32.608] [fileLog] [info] 
At end of round 0
==================
Observed 1320 total fragments (1320 in most recent round)

[2026-05-20 19:48:32.640] [jointLog] [info] Number of mappings discarded because of alignment score : 40
[2026-05-20 19:48:32.640] [jointLog] [info] Number of fragments entirely discarded because of alignment score : 0
[2026-05-20 19:48:32.640] [jointLog] [info] Number of fragments discarded because they are best-mapped to decoys : 0
[2026-05-20 19:48:32.640] [jointLog] [info] Number of fragments discarded because they have only dovetail (discordant) mappings to valid targets : 55
[2026-05-20 19:48:32.640] [jointLog] [warning] Only 1320 fragments were mapped, but the number of burn-in fragments was set to 5000000.
The effective lengths have been computed using the observed mappings.

[2026-05-20 19:48:32.642] [jointLog] [info] Mapping rate = 100.0000%
[2026-05-20 19:48:32.642] [jointLog] [info] finished quantifyLibrary()
[2026-05-20 19:48:32.643] [jointLog] [info] Starting optimizer
[2026-05-20 19:48:32.646] [jointLog] [info] Marked 0 weighted equivalence classes as degenerate
[2026-05-20 19:48:32.646] [jointLog] [info] iteration = 0 | max rel diff. = 163.30334822252254
[2026-05-20 19:48:32.660] [jointLog] [info] iteration = 100 | max rel diff. = 0.07933605297428245
[2026-05-20 19:48:32.664] [jointLog] [info] iteration = 131 | max rel diff. = 0.005168570691730156
[2026-05-20 19:48:32.664] [jointLog] [info] Finished optimizer
[2026-05-20 19:48:32.664] [jointLog] [info] writing output 

[2026-05-20 19:48:32.664] [jointLog] [warning] NOTE: Read Lib [[ Quality/Trimmed/AbrahamSimpson_R1_filtered.fastq.gz, Quality/Trimmed/AbrahamSimpson_R2_filtered.fastq.gz]] :

Detected a *potential* strand bias > 1% in an unstranded protocol check the file: resultados_salmon_trimmed/AbrahamSimpson/lib_format_counts.json for details

