[2026-05-20 17:50:11.933] [jointLog] [info] setting maxHashResizeThreads to 8
[2026-05-20 17:50:11.933] [jointLog] [info] Fragment incompatibility prior below threshold.  Incompatible fragments will be ignored.
[2026-05-20 17:50:11.933] [jointLog] [info] Usage of --validateMappings implies use of minScoreFraction. Since not explicitly specified, it is being set to 0.65
[2026-05-20 17:50:11.933] [jointLog] [info] Setting consensusSlack to selective-alignment default of 0.35.
[2026-05-20 17:50:11.933] [jointLog] [info] parsing read library format
[2026-05-20 17:50:11.933] [jointLog] [info] There is 1 library.
[2026-05-20 17:50:12.009] [jointLog] [info] Loading pufferfish index
[2026-05-20 17:50:12.009] [jointLog] [info] Loading dense pufferfish index.
[2026-05-20 17:50:12.017] [jointLog] [info] done
[2026-05-20 17:50:12.017] [jointLog] [info] Index contained 679 targets
[2026-05-20 17:50:12.017] [jointLog] [info] Number of decoys : 0
[2026-05-20 17:50:12.121] [fileLog] [info] 
At end of round 0
==================
Observed 1320 total fragments (1320 in most recent round)

[2026-05-20 17:50:12.120] [jointLog] [info] Computed 480 rich equivalence classes for further processing
[2026-05-20 17:50:12.121] [jointLog] [info] Counted 1,320 total reads in the equivalence classes 
[2026-05-20 17:50:12.123] [jointLog] [info] Number of mappings discarded because of alignment score : 86
[2026-05-20 17:50:12.123] [jointLog] [info] Number of fragments entirely discarded because of alignment score : 0
[2026-05-20 17:50:12.123] [jointLog] [info] Number of fragments discarded because they are best-mapped to decoys : 0
[2026-05-20 17:50:12.123] [jointLog] [info] Number of fragments discarded because they have only dovetail (discordant) mappings to valid targets : 38
[2026-05-20 17:50:12.123] [jointLog] [warning] Only 1320 fragments were mapped, but the number of burn-in fragments was set to 5000000.
The effective lengths have been computed using the observed mappings.

[2026-05-20 17:50:12.123] [jointLog] [info] Mapping rate = 100%

[2026-05-20 17:50:12.123] [jointLog] [info] finished quantifyLibrary()
[2026-05-20 17:50:12.124] [jointLog] [info] Starting optimizer
[2026-05-20 17:50:12.125] [jointLog] [info] Marked 0 weighted equivalence classes as degenerate
[2026-05-20 17:50:12.125] [jointLog] [info] iteration = 0 | max rel diff. = 146.854
[2026-05-20 17:50:12.135] [jointLog] [info] iteration = 100 | max rel diff. = 0.0069992
[2026-05-20 17:50:12.135] [jointLog] [info] Finished optimizer
[2026-05-20 17:50:12.135] [jointLog] [info] writing output 

[2026-05-20 17:50:12.143] [jointLog] [warning] NOTE: Read Lib [[ fastp_trimmed/HomerSimpson_trimmed_R1.fastq.gz, fastp_trimmed/HomerSimpson_trimmed_R2.fastq.gz]] :

Detected a *potential* strand bias > 1% in an unstranded protocol check the file: resultados_salmon_trimmed/HomerSimpson/lib_format_counts.json for details

